<?xml version="1.0" encoding="UTF-8"?>
<!-- Generated by org.testng.reporters.JUnitXMLReporter -->
<testsuite hostname="DESKTOP-FNLAPM6" ignored="0" name="Test" tests="4" failures="0" timestamp="28 Feb 2021 12:30:50 GMT" time="26.508" errors="0">
  <testcase name="executeTestCase4" time="1.198" classname="com.planittesting.tests.TestCase_04"/>
  <testcase name="executeTestCase3" time="0.478" classname="com.planittesting.tests.TestCase_03"/>
  <testcase name="executeTestcase2" time="5.256" classname="com.planittesting.tests.TestCase_02"/>
  <testcase name="executeTestcase01" time="0.654" classname="com.planittesting.tests.TestCase_01"/>
</testsuite> <!-- Test -->
