<?xml version="1.0" encoding="UTF-8"?>
<!-- Generated by org.testng.reporters.JUnitXMLReporter -->
<testsuite hostname="DESKTOP-FNLAPM6" ignored="0" name="Surefire test" tests="4" failures="1" timestamp="28 Feb 2021 05:01:06 GMT" time="77.485" errors="0">
  <testcase name="executeTestcase01" time="1.422" classname="com.planittesting.tests.TestCase_01"/>
  <testcase name="executeTestcase2" time="11.575" classname="com.planittesting.tests.TestCase_02"/>
  <testcase name="executeTestCase3" time="0.738" classname="com.planittesting.tests.TestCase_03"/>
  <testcase name="executeTestCase4" time="30.807" classname="com.planittesting.tests.TestCase_04">
    <failure type="java.lang.IndexOutOfBoundsException" message="Index: 0, Size: 0">
      <![CDATA[java.lang.IndexOutOfBoundsException: Index: 0, Size: 0
	at java.util.ArrayList.rangeCheck(ArrayList.java:657)
	at java.util.ArrayList.get(ArrayList.java:433)
	at com.planit.TestBase.TestBase.getElement(TestBase.java:74)
	at com.planit.TestBase.TestBase.getElementText(TestBase.java:175)
	at com.planit.TestBase.TestBase.verifyTheItemsInTheCart(TestBase.java:228)
	at com.planittesting.tests.TestCase_04.executeTestCase4(TestCase_04.java:43)
... Removed 30 stack frames]]>
    </failure>
  </testcase> <!-- executeTestCase4 -->
</testsuite> <!-- Surefire test -->
