<?xml version="1.0" encoding="UTF-8"?>
<testng-results skipped="0" failed="1" ignored="0" total="4" passed="3">
  <reporter-output>
  </reporter-output>
  <suite name="Surefire suite" duration-ms="77485" started-at="2021-02-28T04:59:48Z" finished-at="2021-02-28T05:01:06Z">
    <groups>
    </groups>
    <test name="Surefire test" duration-ms="77485" started-at="2021-02-28T04:59:48Z" finished-at="2021-02-28T05:01:06Z">
      <class name="com.planittesting.tests.TestCase_04">
        <test-method status="PASS" signature="setUp()[pri:0, instance:com.planittesting.tests.TestCase_04@2096442d]" name="setUp" is-config="true" duration-ms="5765" started-at="2021-02-28T16:00:29Z" finished-at="2021-02-28T16:00:35Z">
          <reporter-output>
          </reporter-output>
        </test-method> <!-- setUp -->
        <test-method status="FAIL" signature="executeTestCase4()[pri:0, instance:com.planittesting.tests.TestCase_04@2096442d]" name="executeTestCase4" duration-ms="30807" started-at="2021-02-28T16:00:35Z" finished-at="2021-02-28T16:01:06Z">
          <exception class="java.lang.IndexOutOfBoundsException">
            <message>
              <![CDATA[Index: 0, Size: 0]]>
            </message>
            <full-stacktrace>
              <![CDATA[java.lang.IndexOutOfBoundsException: Index: 0, Size: 0
	at java.util.ArrayList.rangeCheck(ArrayList.java:657)
	at java.util.ArrayList.get(ArrayList.java:433)
	at com.planit.TestBase.TestBase.getElement(TestBase.java:74)
	at com.planit.TestBase.TestBase.getElementText(TestBase.java:175)
	at com.planit.TestBase.TestBase.verifyTheItemsInTheCart(TestBase.java:228)
	at com.planittesting.tests.TestCase_04.executeTestCase4(TestCase_04.java:43)
	at sun.reflect.NativeMethodAccessorImpl.invoke0(Native Method)
	at sun.reflect.NativeMethodAccessorImpl.invoke(NativeMethodAccessorImpl.java:62)
	at sun.reflect.DelegatingMethodAccessorImpl.invoke(DelegatingMethodAccessorImpl.java:43)
	at java.lang.reflect.Method.invoke(Method.java:498)
	at org.testng.internal.MethodInvocationHelper.invokeMethod(MethodInvocationHelper.java:104)
	at org.testng.internal.Invoker.invokeMethod(Invoker.java:645)
	at org.testng.internal.Invoker.invokeTestMethod(Invoker.java:851)
	at org.testng.internal.Invoker.invokeTestMethods(Invoker.java:1177)
	at org.testng.internal.TestMethodWorker.invokeTestMethods(TestMethodWorker.java:129)
	at org.testng.internal.TestMethodWorker.run(TestMethodWorker.java:112)
	at org.testng.TestRunner.privateRun(TestRunner.java:756)
	at org.testng.TestRunner.run(TestRunner.java:610)
	at org.testng.SuiteRunner.runTest(SuiteRunner.java:387)
	at org.testng.SuiteRunner.runSequentially(SuiteRunner.java:382)
	at org.testng.SuiteRunner.privateRun(SuiteRunner.java:340)
	at org.testng.SuiteRunner.run(SuiteRunner.java:289)
	at org.testng.SuiteRunnerWorker.runSuite(SuiteRunnerWorker.java:52)
	at org.testng.SuiteRunnerWorker.run(SuiteRunnerWorker.java:86)
	at org.testng.TestNG.runSuitesSequentially(TestNG.java:1293)
	at org.testng.TestNG.runSuitesLocally(TestNG.java:1218)
	at org.testng.TestNG.runSuites(TestNG.java:1133)
	at org.testng.TestNG.run(TestNG.java:1104)
	at org.apache.maven.surefire.testng.TestNGExecutor.run(TestNGExecutor.java:136)
	at org.apache.maven.surefire.testng.TestNGDirectoryTestSuite.executeMulti(TestNGDirectoryTestSuite.java:193)
	at org.apache.maven.surefire.testng.TestNGDirectoryTestSuite.execute(TestNGDirectoryTestSuite.java:94)
	at org.apache.maven.surefire.testng.TestNGProvider.invoke(TestNGProvider.java:145)
	at org.apache.maven.surefire.booter.ForkedBooter.runSuitesInProcess(ForkedBooter.java:428)
	at org.apache.maven.surefire.booter.ForkedBooter.execute(ForkedBooter.java:162)
	at org.apache.maven.surefire.booter.ForkedBooter.run(ForkedBooter.java:562)
	at org.apache.maven.surefire.booter.ForkedBooter.main(ForkedBooter.java:548)
]]>
            </full-stacktrace>
          </exception> <!-- java.lang.IndexOutOfBoundsException -->
          <reporter-output>
          </reporter-output>
        </test-method> <!-- executeTestCase4 -->
      </class> <!-- com.planittesting.tests.TestCase_04 -->
      <class name="com.planittesting.tests.TestCase_03">
        <test-method status="PASS" signature="setUp()[pri:0, instance:com.planittesting.tests.TestCase_03@2c9f9fb0]" name="setUp" is-config="true" duration-ms="6616" started-at="2021-02-28T16:00:22Z" finished-at="2021-02-28T16:00:28Z">
          <reporter-output>
          </reporter-output>
        </test-method> <!-- setUp -->
        <test-method status="PASS" signature="executeTestCase3()[pri:0, instance:com.planittesting.tests.TestCase_03@2c9f9fb0]" name="executeTestCase3" duration-ms="738" started-at="2021-02-28T16:00:28Z" finished-at="2021-02-28T16:00:29Z">
          <reporter-output>
          </reporter-output>
        </test-method> <!-- executeTestCase3 -->
        <test-method status="PASS" signature="tearDown()[pri:0, instance:com.planittesting.tests.TestCase_03@2c9f9fb0]" name="tearDown" is-config="true" duration-ms="108" started-at="2021-02-28T16:00:29Z" finished-at="2021-02-28T16:00:29Z">
          <reporter-output>
          </reporter-output>
        </test-method> <!-- tearDown -->
      </class> <!-- com.planittesting.tests.TestCase_03 -->
      <class name="com.planittesting.tests.TestCase_02">
        <test-method status="PASS" signature="setUp()[pri:0, instance:com.planittesting.tests.TestCase_02@735b478]" name="setUp" is-config="true" duration-ms="9502" started-at="2021-02-28T16:00:00Z" finished-at="2021-02-28T16:00:10Z">
          <reporter-output>
          </reporter-output>
        </test-method> <!-- setUp -->
        <test-method status="PASS" signature="executeTestcase2()[pri:0, instance:com.planittesting.tests.TestCase_02@735b478]" name="executeTestcase2" duration-ms="11575" started-at="2021-02-28T16:00:10Z" finished-at="2021-02-28T16:00:21Z">
          <reporter-output>
          </reporter-output>
        </test-method> <!-- executeTestcase2 -->
        <test-method status="PASS" signature="tearDown()[pri:0, instance:com.planittesting.tests.TestCase_02@735b478]" name="tearDown" is-config="true" duration-ms="99" started-at="2021-02-28T16:00:21Z" finished-at="2021-02-28T16:00:22Z">
          <reporter-output>
          </reporter-output>
        </test-method> <!-- tearDown -->
      </class> <!-- com.planittesting.tests.TestCase_02 -->
      <class name="com.planittesting.tests.TestCase_01">
        <test-method status="PASS" signature="setUp()[pri:0, instance:com.planittesting.tests.TestCase_01@52af6cff]" name="setUp" is-config="true" duration-ms="10751" started-at="2021-02-28T15:59:48Z" finished-at="2021-02-28T15:59:59Z">
          <reporter-output>
          </reporter-output>
        </test-method> <!-- setUp -->
        <test-method status="PASS" signature="executeTestcase01()[pri:0, instance:com.planittesting.tests.TestCase_01@52af6cff]" name="executeTestcase01" duration-ms="1422" started-at="2021-02-28T15:59:59Z" finished-at="2021-02-28T16:00:00Z">
          <reporter-output>
          </reporter-output>
        </test-method> <!-- executeTestcase01 -->
        <test-method status="PASS" signature="tearDown()[pri:0, instance:com.planittesting.tests.TestCase_01@52af6cff]" name="tearDown" is-config="true" duration-ms="59" started-at="2021-02-28T16:00:00Z" finished-at="2021-02-28T16:00:00Z">
          <reporter-output>
          </reporter-output>
        </test-method> <!-- tearDown -->
      </class> <!-- com.planittesting.tests.TestCase_01 -->
    </test> <!-- Surefire test -->
  </suite> <!-- Surefire suite -->
</testng-results>
